<?xml version="1.0" encoding="UTF-8"?>
<!-- Generated by org.testng.reporters.JUnitXMLReporter -->
<testsuite hostname="L-ANILKUMAR-ILB" name="Regression1" tests="1" failures="0" timestamp="11 Nov 2014 04:55:49 GMT" time="0.21" errors="0">
  <testcase name="@BeforeClass setUp" time="0.0" classname="GoogleTest.GoogleBasicElementTest">
    <failure type="java.lang.IllegalStateException" message="The driver executable does not exist: C:\src\main\resources\chromedriver.exe">
      <![CDATA[java.lang.IllegalStateException: The driver executable does not exist: C:\src\main\resources\chromedriver.exe
	at com.google.common.base.Preconditions.checkState(Preconditions.java:197)
	at org.openqa.selenium.remote.service.DriverService.checkExecutable(DriverService.java:117)
	at org.openqa.selenium.remote.service.DriverService.findExecutable(DriverService.java:112)
	at org.openqa.selenium.chrome.ChromeDriverService.createDefaultService(ChromeDriverService.java:89)
	at org.openqa.selenium.chrome.ChromeDriver.<init>(ChromeDriver.java:117)
	at DriverSetup.DriverCall.createNewDriver(DriverCall.java:45)
	at DriverSetup.DriverHandler.initiateDriver(DriverHandler.java:19)
	at GoogleTest.GoogleBasicElementTest.setUp(GoogleBasicElementTest.java:14)
... Removed 24 stack frames]]>
    </failure>
  </testcase> <!-- @BeforeClass setUp -->
  <testcase name="@AfterClass tearDown" time="0.0" classname="GoogleTest.GoogleBasicElementTest">
    <skipped/>
  </testcase> <!-- @AfterClass tearDown -->
  <testcase name="gmailElementSearch" time="0.0" classname="GoogleTest.GoogleBasicElementTest">
    <skipped/>
  </testcase> <!-- gmailElementSearch -->
</testsuite> <!-- Regression1 -->
